<?xml version="1.0" encoding="UTF-8"?>
<!-- Generated by org.testng.reporters.JUnitReportReporter -->
<testsuite hostname="KOQARAJESHSU" name="moduleScript.CollectionTest" tests="1" failures="0" timestamp="16 Feb 2022 20:19:52 GMT" time="19.073" errors="0">
  <testcase name="addCollector" time="19.073" classname="moduleScript.CollectionTest"/>
</testsuite> <!-- moduleScript.CollectionTest -->
