<?xml version="1.0" encoding="UTF-8"?>
<!-- Generated by org.testng.reporters.JUnitReportReporter -->
<testsuite hostname="CHNRENTRAJESH" failures="0" tests="2" name="moduleScript.GoogleTest" time="1.381" errors="0" timestamp="2022-11-16T18:30:18 IST" skipped="0">
  <testcase classname="moduleScript.GoogleTest" name="google" time="0.977"/>
  <system-out/>
  <testcase classname="moduleScript.GoogleTest" name="googleURL" time="0.404"/>
  <system-out/>
</testsuite> <!-- moduleScript.GoogleTest -->
