<?xml version="1.0" encoding="UTF-8"?>
<!-- Generated by org.testng.reporters.JUnitReportReporter -->
<testsuite hostname="CHNRENTRAJESH" failures="0" tests="6" name="moduleScript.LabTabTest" time="79.087" errors="0" timestamp="2022-10-07T02:58:49 IST" skipped="0">
  <testcase classname="moduleScript.LabTabTest" name="verifyLanding" time="6.351"/>
  <system-out/>
  <testcase classname="moduleScript.LabTabTest" name="addLab" time="19.570"/>
  <system-out/>
  <testcase classname="moduleScript.LabTabTest" name="DTV4_201" time="11.976"/>
  <system-out/>
  <testcase classname="moduleScript.LabTabTest" name="status" time="6.562"/>
  <system-out/>
  <testcase classname="moduleScript.LabTabTest" name="sort" time="9.418"/>
  <system-out/>
  <testcase classname="moduleScript.LabTabTest" name="editLab" time="25.210"/>
  <system-out/>
</testsuite> <!-- moduleScript.LabTabTest -->
