<?xml version="1.0" encoding="UTF-8"?>
<!-- Generated by org.testng.reporters.JUnitReportReporter -->
<testsuite hostname="CHNRENTRAJESH" failures="0" tests="16" name="moduleScript.ResultTest" time="535.448" errors="0" timestamp="2022-10-07T02:58:49 IST" skipped="0">
  <testcase classname="moduleScript.ResultTest" name="verifyLanding" time="8.974"/>
  <system-out/>
  <testcase classname="moduleScript.ResultTest" name="selectAllResultList" time="24.308"/>
  <system-out/>
  <testcase classname="moduleScript.ResultTest" name="search" time="20.412"/>
  <system-out/>
  <testcase classname="moduleScript.ResultTest" name="sort" time="17.156"/>
  <system-out/>
  <testcase classname="moduleScript.ResultTest" name="normalFilter" time="11.504"/>
  <system-out/>
  <testcase classname="moduleScript.ResultTest" name="results_with_No_Alerts" time="20.374"/>
  <system-out/>
  <testcase classname="moduleScript.ResultTest" name="updateReview" time="29.818"/>
  <system-out/>
  <testcase classname="moduleScript.ResultTest" name="bulkUpdateReview" time="28.561"/>
  <system-out/>
  <testcase classname="moduleScript.ResultTest" name="substanceOnResult" time="13.821"/>
  <system-out/>
  <testcase classname="moduleScript.ResultTest" name="perform_Analysis_Result" time="24.751"/>
  <system-out/>
  <testcase classname="moduleScript.ResultTest" name="entityURL" time="14.722"/>
  <system-out/>
  <testcase classname="moduleScript.ResultTest" name="DTV4_446_FailedToast" time="16.447"/>
  <system-out/>
  <testcase classname="moduleScript.ResultTest" name="DTV4_61" time="14.849"/>
  <system-out/>
  <testcase classname="moduleScript.ResultTest" name="DTV4_4054" time="252.290"/>
  <system-out/>
  <testcase classname="moduleScript.ResultTest" name="DTV4_48" time="19.858"/>
  <system-out/>
  <testcase classname="moduleScript.ResultTest" name="resultsExport" time="17.603"/>
  <system-out/>
</testsuite> <!-- moduleScript.ResultTest -->
