<?xml version="1.0" encoding="UTF-8"?>
<!-- Generated by org.testng.reporters.JUnitReportReporter -->
<testsuite hostname="CHNRENTRAJESH" failures="0" tests="9" name="moduleScript.RegimesTabTest" time="155.449" errors="0" timestamp="2022-10-07T02:58:49 IST" skipped="0">
  <testcase classname="moduleScript.RegimesTabTest" name="verifyLanding" time="5.287"/>
  <system-out/>
  <testcase classname="moduleScript.RegimesTabTest" name="addRegimes" time="17.920"/>
  <system-out/>
  <testcase classname="moduleScript.RegimesTabTest" name="sampletypeErrorDTV4966" time="32.080"/>
  <system-out/>
  <testcase classname="moduleScript.RegimesTabTest" name="sort" time="8.939"/>
  <system-out/>
  <testcase classname="moduleScript.RegimesTabTest" name="statusChange" time="17.696"/>
  <system-out/>
  <testcase classname="moduleScript.RegimesTabTest" name="filter" time="7.539"/>
  <system-out/>
  <testcase classname="moduleScript.RegimesTabTest" name="regimeAddSubstance" time="23.779"/>
  <system-out/>
  <testcase classname="moduleScript.RegimesTabTest" name="createWithoutFillingMandatoryFields" time="8.159"/>
  <system-out/>
  <testcase classname="moduleScript.RegimesTabTest" name="editRegimies" time="34.050"/>
  <system-out/>
</testsuite> <!-- moduleScript.RegimesTabTest -->
