<?xml version="1.0" encoding="UTF-8"?>
<!-- Generated by org.testng.reporters.JUnitReportReporter -->
<testsuite hostname="CHNRENTRAJESH" failures="0" tests="7" name="moduleScript.GroupsTest" time="94.335" errors="0" timestamp="2022-10-07T02:58:49 IST" skipped="0">
  <testcase classname="moduleScript.GroupsTest" name="verifyLanding" time="6.555"/>
  <system-out/>
  <testcase classname="moduleScript.GroupsTest" name="addSubGroup" time="14.855"/>
  <system-out/>
  <testcase classname="moduleScript.GroupsTest" name="filter" time="9.267"/>
  <system-out/>
  <testcase classname="moduleScript.GroupsTest" name="sort" time="10.784"/>
  <system-out/>
  <testcase classname="moduleScript.GroupsTest" name="statusChange" time="20.295"/>
  <system-out/>
  <testcase classname="moduleScript.GroupsTest" name="createWithoutFillingMandatoryFields" time="8.658"/>
  <system-out/>
  <testcase classname="moduleScript.GroupsTest" name="editSubGroup" time="23.921"/>
  <system-out/>
</testsuite> <!-- moduleScript.GroupsTest -->
