<?xml version="1.0" encoding="UTF-8"?>
<!-- Generated by org.testng.reporters.JUnitReportReporter -->
<testsuite hostname="KOQARAJESHSU" name="AFLTest.core_feature" tests="1" failures="0" timestamp="13 Oct 2021 06:45:36 GMT" time="15.684" errors="0">
  <testcase name="User_login" time="15.684" classname="AFLTest.core_feature"/>
</testsuite> <!-- AFLTest.core_feature -->
