<?xml version="1.0" encoding="UTF-8"?>
<!-- Generated by org.testng.reporters.JUnitReportReporter -->
<testsuite hostname="CHNRENTRAJESH" failures="0" tests="1" name="moduleScript.LoginTest" time="19.047" errors="0" timestamp="2022-11-11T13:52:39 IST" skipped="0">
  <testcase classname="moduleScript.LoginTest" name="login_DTS" time="19.047"/>
  <system-out/>
</testsuite> <!-- moduleScript.LoginTest -->
