<?xml version="1.0" encoding="UTF-8"?>
<!-- Generated by org.testng.reporters.JUnitReportReporter -->
<testsuite hostname="CHNRENTRAJESH" failures="0" tests="7" name="moduleScript.CollectorsTest" time="74.378" errors="0" timestamp="2022-10-07T02:58:49 IST" skipped="0">
  <testcase classname="moduleScript.CollectorsTest" name="verifyLanding" time="6.403"/>
  <system-out/>
  <testcase classname="moduleScript.CollectorsTest" name="sort" time="9.347"/>
  <system-out/>
  <testcase classname="moduleScript.CollectorsTest" name="addCollector" time="20.847"/>
  <system-out/>
  <testcase classname="moduleScript.CollectorsTest" name="statusChange" time="11.203"/>
  <system-out/>
  <testcase classname="moduleScript.CollectorsTest" name="createWithoutFillingMandatoryFields" time="10.018"/>
  <system-out/>
  <testcase classname="moduleScript.CollectorsTest" name="DTV4_194" time="8.688"/>
  <system-out/>
  <testcase classname="moduleScript.CollectorsTest" name="DTV4_193" time="7.872"/>
  <system-out/>
</testsuite> <!-- moduleScript.CollectorsTest -->
