<?xml version="1.0" encoding="UTF-8"?>
<!-- Generated by org.testng.reporters.JUnitReportReporter -->
<testsuite hostname="CHNRENTRAJESH" failures="0" tests="1" name="moduleScript.EntitiesTest" time="4.460" errors="0" timestamp="2022-11-14T14:59:44 IST" skipped="0">
  <testcase classname="moduleScript.EntitiesTest" name="google" time="4.460"/>
  <system-out/>
</testsuite> <!-- moduleScript.EntitiesTest -->
