<?xml version="1.0" encoding="UTF-8"?>
<!-- Generated by org.testng.reporters.JUnitReportReporter -->
<testsuite hostname="CHNRENTRAJESH" failures="0" tests="7" name="moduleScript.UserTabTest" time="95.338" errors="0" timestamp="2022-10-07T02:58:49 IST" skipped="0">
  <testcase classname="moduleScript.UserTabTest" name="verifyLanding" time="6.555"/>
  <system-out/>
  <testcase classname="moduleScript.UserTabTest" name="search" time="15.821"/>
  <system-out/>
  <testcase classname="moduleScript.UserTabTest" name="filter" time="10.074"/>
  <system-out/>
  <testcase classname="moduleScript.UserTabTest" name="sort" time="7.401"/>
  <system-out/>
  <testcase classname="moduleScript.UserTabTest" name="editUser" time="21.365"/>
  <system-out/>
  <testcase classname="moduleScript.UserTabTest" name="profilePicture" time="25.685"/>
  <system-out/>
  <testcase classname="moduleScript.UserTabTest" name="metadataUser" time="8.437"/>
  <system-out/>
</testsuite> <!-- moduleScript.UserTabTest -->
