<?xml version="1.0" encoding="UTF-8"?>
<!-- Generated by org.testng.reporters.JUnitReportReporter -->
<testsuite hostname="CHNRENTRAJESH" failures="0" tests="9" name="moduleScript.SamplesTabTest" time="13.943" errors="0" timestamp="2022-10-31T13:51:35 IST" skipped="8">
  <testcase classname="moduleScript.SamplesTabTest" name="DTV4_3008" time="13.943"/>
  <system-out/>
  <testcase classname="moduleScript.SamplesTabTest" name="searchSamples">
    <skipped/>
  </testcase> <!-- searchSamples -->
  <system-out/>
  <testcase classname="moduleScript.SamplesTabTest" name="DTV4_4430">
    <skipped/>
  </testcase> <!-- DTV4_4430 -->
  <system-out/>
  <testcase classname="moduleScript.SamplesTabTest" name="DTV4_186">
    <skipped/>
  </testcase> <!-- DTV4_186 -->
  <system-out/>
  <testcase classname="moduleScript.SamplesTabTest" name="sort">
    <skipped/>
  </testcase> <!-- sort -->
  <system-out/>
  <testcase classname="moduleScript.SamplesTabTest" name="verifyLanding">
    <skipped/>
  </testcase> <!-- verifyLanding -->
  <system-out/>
  <testcase classname="moduleScript.SamplesTabTest" name="filter">
    <skipped/>
  </testcase> <!-- filter -->
  <system-out/>
  <testcase classname="moduleScript.SamplesTabTest" name="DTV4_2788">
    <skipped/>
  </testcase> <!-- DTV4_2788 -->
  <system-out/>
  <testcase classname="moduleScript.SamplesTabTest" name="searchSubstanceSamples">
    <skipped/>
  </testcase> <!-- searchSubstanceSamples -->
  <system-out/>
</testsuite> <!-- moduleScript.SamplesTabTest -->
